2023/08/12 17:02:23 [notice] 1#1: using the "epoll" event method
2023/08/12 17:02:23 [notice] 1#1: nginx/1.25.1
2023/08/12 17:02:23 [notice] 1#1: built by gcc 12.2.0 (Debian 12.2.0-14) 
2023/08/12 17:02:23 [notice] 1#1: OS: Linux 5.10.16.3-microsoft-standard-WSL2
2023/08/12 17:02:23 [notice] 1#1: getrlimit(RLIMIT_NOFILE): 1048576:1048576
2023/08/12 17:02:23 [notice] 1#1: start worker processes
2023/08/12 17:02:23 [notice] 1#1: start worker process 20
2023/08/12 17:02:23 [notice] 1#1: start worker process 21
2023/08/12 17:02:23 [notice] 1#1: start worker process 22
2023/08/12 17:02:23 [notice] 1#1: start worker process 23
2023/08/12 17:02:23 [notice] 1#1: start worker process 24
2023/08/12 17:02:23 [notice] 1#1: start worker process 25
2023/08/12 17:02:23 [notice] 1#1: start worker process 26
2023/08/12 17:02:23 [notice] 1#1: start worker process 27
2023/08/12 17:02:23 [notice] 1#1: start worker process 28
2023/08/12 17:02:23 [notice] 1#1: start worker process 29
2023/08/12 17:02:23 [notice] 1#1: start worker process 30
2023/08/12 17:02:23 [notice] 1#1: start worker process 31
2023/08/12 17:02:23 [notice] 1#1: start worker process 32
2023/08/12 17:02:23 [notice] 1#1: start worker process 33
2023/08/12 17:02:23 [notice] 1#1: start worker process 34
2023/08/12 17:02:23 [notice] 1#1: start worker process 35
2023/08/12 17:05:51 [notice] 1#1: signal 3 (SIGQUIT) received, shutting down
2023/08/12 17:05:51 [notice] 20#20: gracefully shutting down
2023/08/12 17:05:51 [notice] 35#35: gracefully shutting down
2023/08/12 17:05:51 [notice] 21#21: gracefully shutting down
2023/08/12 17:05:51 [notice] 22#22: gracefully shutting down
2023/08/12 17:05:51 [notice] 23#23: gracefully shutting down
2023/08/12 17:05:51 [notice] 24#24: gracefully shutting down
2023/08/12 17:05:51 [notice] 25#25: gracefully shutting down
2023/08/12 17:05:51 [notice] 26#26: gracefully shutting down
2023/08/12 17:05:51 [notice] 27#27: gracefully shutting down
2023/08/12 17:05:51 [notice] 28#28: gracefully shutting down
2023/08/12 17:05:51 [notice] 29#29: gracefully shutting down
2023/08/12 17:05:51 [notice] 30#30: gracefully shutting down
2023/08/12 17:05:51 [notice] 31#31: gracefully shutting down
2023/08/12 17:05:51 [notice] 32#32: gracefully shutting down
2023/08/12 17:05:51 [notice] 33#33: gracefully shutting down
2023/08/12 17:05:51 [notice] 34#34: gracefully shutting down
2023/08/12 17:05:51 [notice] 20#20: exiting
2023/08/12 17:05:51 [notice] 35#35: exiting
2023/08/12 17:05:51 [notice] 21#21: exiting
2023/08/12 17:05:51 [notice] 22#22: exiting
2023/08/12 17:05:51 [notice] 23#23: exiting
2023/08/12 17:05:51 [notice] 24#24: exiting
2023/08/12 17:05:51 [notice] 25#25: exiting
2023/08/12 17:05:51 [notice] 26#26: exiting
2023/08/12 17:05:51 [notice] 27#27: exiting
2023/08/12 17:05:51 [notice] 28#28: exiting
2023/08/12 17:05:51 [notice] 29#29: exiting
2023/08/12 17:05:51 [notice] 30#30: exiting
2023/08/12 17:05:51 [notice] 31#31: exiting
2023/08/12 17:05:51 [notice] 32#32: exiting
2023/08/12 17:05:51 [notice] 33#33: exiting
2023/08/12 17:05:51 [notice] 34#34: exiting
2023/08/12 17:05:51 [notice] 20#20: exit
2023/08/12 17:05:51 [notice] 35#35: exit
2023/08/12 17:05:51 [notice] 21#21: exit
2023/08/12 17:05:51 [notice] 22#22: exit
2023/08/12 17:05:51 [notice] 23#23: exit
2023/08/12 17:05:51 [notice] 24#24: exit
2023/08/12 17:05:51 [notice] 25#25: exit
2023/08/12 17:05:51 [notice] 26#26: exit
2023/08/12 17:05:51 [notice] 27#27: exit
2023/08/12 17:05:51 [notice] 28#28: exit
2023/08/12 17:05:51 [notice] 29#29: exit
2023/08/12 17:05:51 [notice] 30#30: exit
2023/08/12 17:05:51 [notice] 31#31: exit
2023/08/12 17:05:51 [notice] 32#32: exit
2023/08/12 17:05:51 [notice] 33#33: exit
2023/08/12 17:05:51 [notice] 34#34: exit
2023/08/12 17:05:51 [notice] 1#1: signal 17 (SIGCHLD) received from 20
2023/08/12 17:05:51 [notice] 1#1: worker process 20 exited with code 0
2023/08/12 17:05:51 [notice] 1#1: worker process 23 exited with code 0
2023/08/12 17:05:51 [notice] 1#1: signal 29 (SIGIO) received
2023/08/12 17:05:51 [notice] 1#1: signal 17 (SIGCHLD) received from 23
2023/08/12 17:05:51 [notice] 1#1: signal 17 (SIGCHLD) received from 28
2023/08/12 17:05:51 [notice] 1#1: worker process 22 exited with code 0
2023/08/12 17:05:51 [notice] 1#1: worker process 25 exited with code 0
2023/08/12 17:05:51 [notice] 1#1: worker process 27 exited with code 0
2023/08/12 17:05:51 [notice] 1#1: worker process 28 exited with code 0
2023/08/12 17:05:51 [notice] 1#1: worker process 31 exited with code 0
2023/08/12 17:05:51 [notice] 1#1: worker process 32 exited with code 0
2023/08/12 17:05:51 [notice] 1#1: worker process 33 exited with code 0
2023/08/12 17:05:51 [notice] 1#1: worker process 35 exited with code 0
2023/08/12 17:05:51 [notice] 1#1: signal 29 (SIGIO) received
2023/08/12 17:05:51 [notice] 1#1: signal 17 (SIGCHLD) received from 35
2023/08/12 17:05:51 [notice] 1#1: signal 17 (SIGCHLD) received from 26
2023/08/12 17:05:51 [notice] 1#1: worker process 26 exited with code 0
2023/08/12 17:05:51 [notice] 1#1: worker process 21 exited with code 0
2023/08/12 17:05:51 [notice] 1#1: signal 29 (SIGIO) received
2023/08/12 17:05:51 [notice] 1#1: signal 17 (SIGCHLD) received from 21
2023/08/12 17:05:51 [notice] 1#1: signal 17 (SIGCHLD) received from 34
2023/08/12 17:05:51 [notice] 1#1: worker process 24 exited with code 0
2023/08/12 17:05:51 [notice] 1#1: worker process 29 exited with code 0
2023/08/12 17:05:51 [notice] 1#1: worker process 30 exited with code 0
2023/08/12 17:05:51 [notice] 1#1: worker process 34 exited with code 0
2023/08/12 17:05:51 [notice] 1#1: exit
2023/08/12 17:05:54 [notice] 1#1: using the "epoll" event method
2023/08/12 17:05:54 [notice] 1#1: nginx/1.25.1
2023/08/12 17:05:54 [notice] 1#1: built by gcc 12.2.0 (Debian 12.2.0-14) 
2023/08/12 17:05:54 [notice] 1#1: OS: Linux 5.10.16.3-microsoft-standard-WSL2
2023/08/12 17:05:54 [notice] 1#1: getrlimit(RLIMIT_NOFILE): 1048576:1048576
2023/08/12 17:05:54 [notice] 1#1: start worker processes
2023/08/12 17:05:54 [notice] 1#1: start worker process 20
2023/08/12 17:05:54 [notice] 1#1: start worker process 21
2023/08/12 17:05:54 [notice] 1#1: start worker process 22
2023/08/12 17:05:54 [notice] 1#1: start worker process 23
2023/08/12 17:05:54 [notice] 1#1: start worker process 24
2023/08/12 17:05:54 [notice] 1#1: start worker process 25
2023/08/12 17:05:54 [notice] 1#1: start worker process 26
2023/08/12 17:05:54 [notice] 1#1: start worker process 27
2023/08/12 17:05:54 [notice] 1#1: start worker process 28
2023/08/12 17:05:54 [notice] 1#1: start worker process 29
2023/08/12 17:05:54 [notice] 1#1: start worker process 30
2023/08/12 17:05:54 [notice] 1#1: start worker process 31
2023/08/12 17:05:54 [notice] 1#1: start worker process 32
2023/08/12 17:05:54 [notice] 1#1: start worker process 33
2023/08/12 17:05:54 [notice] 1#1: start worker process 34
2023/08/12 17:05:54 [notice] 1#1: start worker process 35
2023/08/12 17:09:29 [notice] 1#1: signal 3 (SIGQUIT) received, shutting down
2023/08/12 17:09:29 [notice] 20#20: gracefully shutting down
2023/08/12 17:09:29 [notice] 21#21: gracefully shutting down
2023/08/12 17:09:29 [notice] 22#22: gracefully shutting down
2023/08/12 17:09:29 [notice] 23#23: gracefully shutting down
2023/08/12 17:09:29 [notice] 24#24: gracefully shutting down
2023/08/12 17:09:29 [notice] 25#25: gracefully shutting down
2023/08/12 17:09:29 [notice] 27#27: gracefully shutting down
2023/08/12 17:09:29 [notice] 26#26: gracefully shutting down
2023/08/12 17:09:29 [notice] 28#28: gracefully shutting down
2023/08/12 17:09:29 [notice] 29#29: gracefully shutting down
2023/08/12 17:09:29 [notice] 30#30: gracefully shutting down
2023/08/12 17:09:29 [notice] 31#31: gracefully shutting down
2023/08/12 17:09:29 [notice] 32#32: gracefully shutting down
2023/08/12 17:09:29 [notice] 20#20: exiting
2023/08/12 17:09:29 [notice] 33#33: gracefully shutting down
2023/08/12 17:09:29 [notice] 34#34: gracefully shutting down
2023/08/12 17:09:29 [notice] 35#35: gracefully shutting down
2023/08/12 17:09:29 [notice] 21#21: exiting
2023/08/12 17:09:29 [notice] 22#22: exiting
2023/08/12 17:09:29 [notice] 23#23: exiting
2023/08/12 17:09:29 [notice] 24#24: exiting
2023/08/12 17:09:29 [notice] 25#25: exiting
2023/08/12 17:09:29 [notice] 27#27: exiting
2023/08/12 17:09:29 [notice] 26#26: exiting
2023/08/12 17:09:29 [notice] 28#28: exiting
2023/08/12 17:09:29 [notice] 29#29: exiting
2023/08/12 17:09:29 [notice] 30#30: exiting
2023/08/12 17:09:29 [notice] 31#31: exiting
2023/08/12 17:09:29 [notice] 32#32: exiting
2023/08/12 17:09:29 [notice] 20#20: exit
2023/08/12 17:09:29 [notice] 33#33: exiting
2023/08/12 17:09:29 [notice] 34#34: exiting
2023/08/12 17:09:29 [notice] 35#35: exiting
2023/08/12 17:09:29 [notice] 21#21: exit
2023/08/12 17:09:29 [notice] 22#22: exit
2023/08/12 17:09:29 [notice] 23#23: exit
2023/08/12 17:09:29 [notice] 24#24: exit
2023/08/12 17:09:29 [notice] 25#25: exit
2023/08/12 17:09:29 [notice] 27#27: exit
2023/08/12 17:09:29 [notice] 26#26: exit
2023/08/12 17:09:29 [notice] 28#28: exit
2023/08/12 17:09:29 [notice] 29#29: exit
2023/08/12 17:09:29 [notice] 30#30: exit
2023/08/12 17:09:29 [notice] 31#31: exit
2023/08/12 17:09:29 [notice] 32#32: exit
2023/08/12 17:09:29 [notice] 33#33: exit
2023/08/12 17:09:29 [notice] 34#34: exit
2023/08/12 17:09:29 [notice] 35#35: exit
2023/08/12 17:09:29 [notice] 1#1: signal 17 (SIGCHLD) received from 34
2023/08/12 17:09:29 [notice] 1#1: worker process 21 exited with code 0
2023/08/12 17:09:29 [notice] 1#1: worker process 23 exited with code 0
2023/08/12 17:09:29 [notice] 1#1: worker process 25 exited with code 0
2023/08/12 17:09:29 [notice] 1#1: worker process 27 exited with code 0
2023/08/12 17:09:29 [notice] 1#1: worker process 29 exited with code 0
2023/08/12 17:09:29 [notice] 1#1: worker process 31 exited with code 0
2023/08/12 17:09:29 [notice] 1#1: worker process 32 exited with code 0
2023/08/12 17:09:29 [notice] 1#1: worker process 33 exited with code 0
2023/08/12 17:09:29 [notice] 1#1: worker process 34 exited with code 0
2023/08/12 17:09:29 [notice] 1#1: signal 29 (SIGIO) received
2023/08/12 17:09:29 [notice] 1#1: signal 17 (SIGCHLD) received from 32
2023/08/12 17:09:29 [notice] 1#1: signal 17 (SIGCHLD) received from 35
2023/08/12 17:09:29 [notice] 1#1: worker process 20 exited with code 0
2023/08/12 17:09:29 [notice] 1#1: worker process 22 exited with code 0
2023/08/12 17:09:29 [notice] 1#1: worker process 24 exited with code 0
2023/08/12 17:09:29 [notice] 1#1: worker process 26 exited with code 0
2023/08/12 17:09:29 [notice] 1#1: worker process 28 exited with code 0
2023/08/12 17:09:29 [notice] 1#1: worker process 30 exited with code 0
2023/08/12 17:09:29 [notice] 1#1: worker process 35 exited with code 0
2023/08/12 17:09:29 [notice] 1#1: exit
2023/08/12 17:09:33 [notice] 1#1: using the "epoll" event method
2023/08/12 17:09:33 [notice] 1#1: nginx/1.25.1
2023/08/12 17:09:33 [notice] 1#1: built by gcc 12.2.0 (Debian 12.2.0-14) 
2023/08/12 17:09:33 [notice] 1#1: OS: Linux 5.10.16.3-microsoft-standard-WSL2
2023/08/12 17:09:33 [notice] 1#1: getrlimit(RLIMIT_NOFILE): 1048576:1048576
2023/08/12 17:09:33 [notice] 1#1: start worker processes
2023/08/12 17:09:33 [notice] 1#1: start worker process 20
2023/08/12 17:09:33 [notice] 1#1: start worker process 21
2023/08/12 17:09:33 [notice] 1#1: start worker process 22
2023/08/12 17:09:33 [notice] 1#1: start worker process 23
2023/08/12 17:09:33 [notice] 1#1: start worker process 24
2023/08/12 17:09:33 [notice] 1#1: start worker process 25
2023/08/12 17:09:33 [notice] 1#1: start worker process 26
2023/08/12 17:09:33 [notice] 1#1: start worker process 27
2023/08/12 17:09:33 [notice] 1#1: start worker process 28
2023/08/12 17:09:33 [notice] 1#1: start worker process 29
2023/08/12 17:09:33 [notice] 1#1: start worker process 30
2023/08/12 17:09:33 [notice] 1#1: start worker process 31
2023/08/12 17:09:33 [notice] 1#1: start worker process 32
2023/08/12 17:09:33 [notice] 1#1: start worker process 33
2023/08/12 17:09:33 [notice] 1#1: start worker process 34
2023/08/12 17:09:33 [notice] 1#1: start worker process 35
2023/08/12 17:24:31 [notice] 1#1: signal 3 (SIGQUIT) received, shutting down
2023/08/12 17:24:31 [notice] 20#20: gracefully shutting down
2023/08/12 17:24:31 [notice] 21#21: gracefully shutting down
2023/08/12 17:24:31 [notice] 22#22: gracefully shutting down
2023/08/12 17:24:31 [notice] 23#23: gracefully shutting down
2023/08/12 17:24:31 [notice] 25#25: gracefully shutting down
2023/08/12 17:24:31 [notice] 26#26: gracefully shutting down
2023/08/12 17:24:31 [notice] 24#24: gracefully shutting down
2023/08/12 17:24:31 [notice] 27#27: gracefully shutting down
2023/08/12 17:24:31 [notice] 28#28: gracefully shutting down
2023/08/12 17:24:31 [notice] 29#29: gracefully shutting down
2023/08/12 17:24:31 [notice] 30#30: gracefully shutting down
2023/08/12 17:24:31 [notice] 32#32: gracefully shutting down
2023/08/12 17:24:31 [notice] 31#31: gracefully shutting down
2023/08/12 17:24:31 [notice] 33#33: gracefully shutting down
2023/08/12 17:24:31 [notice] 20#20: exiting
2023/08/12 17:24:31 [notice] 34#34: gracefully shutting down
2023/08/12 17:24:31 [notice] 35#35: gracefully shutting down
2023/08/12 17:24:31 [notice] 21#21: exiting
2023/08/12 17:24:31 [notice] 22#22: exiting
2023/08/12 17:24:31 [notice] 23#23: exiting
2023/08/12 17:24:31 [notice] 25#25: exiting
2023/08/12 17:24:31 [notice] 26#26: exiting
2023/08/12 17:24:31 [notice] 24#24: exiting
2023/08/12 17:24:31 [notice] 27#27: exiting
2023/08/12 17:24:31 [notice] 28#28: exiting
2023/08/12 17:24:31 [notice] 29#29: exiting
2023/08/12 17:24:31 [notice] 30#30: exiting
2023/08/12 17:24:31 [notice] 32#32: exiting
2023/08/12 17:24:31 [notice] 31#31: exiting
2023/08/12 17:24:31 [notice] 33#33: exiting
2023/08/12 17:24:31 [notice] 20#20: exit
2023/08/12 17:24:31 [notice] 34#34: exiting
2023/08/12 17:24:31 [notice] 35#35: exiting
2023/08/12 17:24:31 [notice] 21#21: exit
2023/08/12 17:24:31 [notice] 22#22: exit
2023/08/12 17:24:31 [notice] 23#23: exit
2023/08/12 17:24:31 [notice] 25#25: exit
2023/08/12 17:24:31 [notice] 26#26: exit
2023/08/12 17:24:31 [notice] 24#24: exit
2023/08/12 17:24:31 [notice] 27#27: exit
2023/08/12 17:24:31 [notice] 28#28: exit
2023/08/12 17:24:31 [notice] 29#29: exit
2023/08/12 17:24:31 [notice] 30#30: exit
2023/08/12 17:24:31 [notice] 32#32: exit
2023/08/12 17:24:31 [notice] 31#31: exit
2023/08/12 17:24:31 [notice] 33#33: exit
2023/08/12 17:24:31 [notice] 34#34: exit
2023/08/12 17:24:31 [notice] 35#35: exit
2023/08/12 17:24:31 [notice] 1#1: signal 17 (SIGCHLD) received from 28
2023/08/12 17:24:31 [notice] 1#1: worker process 21 exited with code 0
2023/08/12 17:24:31 [notice] 1#1: worker process 28 exited with code 0
2023/08/12 17:24:31 [notice] 1#1: signal 29 (SIGIO) received
2023/08/12 17:24:31 [notice] 1#1: signal 17 (SIGCHLD) received from 31
2023/08/12 17:24:31 [notice] 1#1: worker process 22 exited with code 0
2023/08/12 17:24:31 [notice] 1#1: worker process 24 exited with code 0
2023/08/12 17:24:31 [notice] 1#1: worker process 27 exited with code 0
2023/08/12 17:24:31 [notice] 1#1: worker process 31 exited with code 0
2023/08/12 17:24:31 [notice] 1#1: signal 29 (SIGIO) received
2023/08/12 17:24:31 [notice] 1#1: signal 17 (SIGCHLD) received from 22
2023/08/12 17:24:31 [notice] 1#1: signal 17 (SIGCHLD) received from 34
2023/08/12 17:24:31 [notice] 1#1: worker process 25 exited with code 0
2023/08/12 17:24:31 [notice] 1#1: worker process 29 exited with code 0
2023/08/12 17:24:31 [notice] 1#1: worker process 34 exited with code 0
2023/08/12 17:24:31 [notice] 1#1: signal 29 (SIGIO) received
2023/08/12 17:24:31 [notice] 1#1: signal 17 (SIGCHLD) received from 32
2023/08/12 17:24:31 [notice] 1#1: worker process 26 exited with code 0
2023/08/12 17:24:31 [notice] 1#1: worker process 32 exited with code 0
2023/08/12 17:24:31 [notice] 1#1: worker process 35 exited with code 0
2023/08/12 17:24:31 [notice] 1#1: signal 29 (SIGIO) received
2023/08/12 17:24:31 [notice] 1#1: signal 17 (SIGCHLD) received from 33
2023/08/12 17:24:31 [notice] 1#1: worker process 20 exited with code 0
2023/08/12 17:24:31 [notice] 1#1: worker process 23 exited with code 0
2023/08/12 17:24:31 [notice] 1#1: worker process 30 exited with code 0
2023/08/12 17:24:31 [notice] 1#1: worker process 33 exited with code 0
2023/08/12 17:24:31 [notice] 1#1: exit
2023/08/12 17:24:35 [notice] 1#1: using the "epoll" event method
2023/08/12 17:24:35 [notice] 1#1: nginx/1.25.1
2023/08/12 17:24:35 [notice] 1#1: built by gcc 12.2.0 (Debian 12.2.0-14) 
2023/08/12 17:24:35 [notice] 1#1: OS: Linux 5.10.16.3-microsoft-standard-WSL2
2023/08/12 17:24:35 [notice] 1#1: getrlimit(RLIMIT_NOFILE): 1048576:1048576
2023/08/12 17:24:35 [notice] 1#1: start worker processes
2023/08/12 17:24:35 [notice] 1#1: start worker process 21
2023/08/12 17:24:35 [notice] 1#1: start worker process 22
2023/08/12 17:24:35 [notice] 1#1: start worker process 23
2023/08/12 17:24:35 [notice] 1#1: start worker process 24
2023/08/12 17:24:35 [notice] 1#1: start worker process 25
2023/08/12 17:24:35 [notice] 1#1: start worker process 26
2023/08/12 17:24:35 [notice] 1#1: start worker process 27
2023/08/12 17:24:35 [notice] 1#1: start worker process 28
2023/08/12 17:24:35 [notice] 1#1: start worker process 29
2023/08/12 17:24:35 [notice] 1#1: start worker process 30
2023/08/12 17:24:35 [notice] 1#1: start worker process 31
2023/08/12 17:24:35 [notice] 1#1: start worker process 32
2023/08/12 17:24:35 [notice] 1#1: start worker process 33
2023/08/12 17:24:35 [notice] 1#1: start worker process 34
2023/08/12 17:24:35 [notice] 1#1: start worker process 35
2023/08/12 17:24:35 [notice] 1#1: start worker process 36
2023/08/12 17:28:13 [notice] 1#1: signal 3 (SIGQUIT) received, shutting down
2023/08/12 17:28:13 [notice] 21#21: gracefully shutting down
2023/08/12 17:28:13 [notice] 31#31: gracefully shutting down
2023/08/12 17:28:13 [notice] 22#22: gracefully shutting down
2023/08/12 17:28:13 [notice] 23#23: gracefully shutting down
2023/08/12 17:28:13 [notice] 24#24: gracefully shutting down
2023/08/12 17:28:13 [notice] 25#25: gracefully shutting down
2023/08/12 17:28:13 [notice] 26#26: gracefully shutting down
2023/08/12 17:28:13 [notice] 27#27: gracefully shutting down
2023/08/12 17:28:13 [notice] 28#28: gracefully shutting down
2023/08/12 17:28:13 [notice] 29#29: gracefully shutting down
2023/08/12 17:28:13 [notice] 30#30: gracefully shutting down
2023/08/12 17:28:13 [notice] 32#32: gracefully shutting down
2023/08/12 17:28:13 [notice] 21#21: exiting
2023/08/12 17:28:13 [notice] 33#33: gracefully shutting down
2023/08/12 17:28:13 [notice] 34#34: gracefully shutting down
2023/08/12 17:28:13 [notice] 35#35: gracefully shutting down
2023/08/12 17:28:13 [notice] 36#36: gracefully shutting down
2023/08/12 17:28:13 [notice] 31#31: exiting
2023/08/12 17:28:13 [notice] 22#22: exiting
2023/08/12 17:28:13 [notice] 23#23: exiting
2023/08/12 17:28:13 [notice] 24#24: exiting
2023/08/12 17:28:13 [notice] 25#25: exiting
2023/08/12 17:28:13 [notice] 26#26: exiting
2023/08/12 17:28:13 [notice] 27#27: exiting
2023/08/12 17:28:13 [notice] 28#28: exiting
2023/08/12 17:28:13 [notice] 29#29: exiting
2023/08/12 17:28:13 [notice] 30#30: exiting
2023/08/12 17:28:13 [notice] 32#32: exiting
2023/08/12 17:28:13 [notice] 21#21: exit
2023/08/12 17:28:13 [notice] 33#33: exiting
2023/08/12 17:28:13 [notice] 34#34: exiting
2023/08/12 17:28:13 [notice] 35#35: exiting
2023/08/12 17:28:13 [notice] 36#36: exiting
2023/08/12 17:28:13 [notice] 31#31: exit
2023/08/12 17:28:13 [notice] 22#22: exit
2023/08/12 17:28:13 [notice] 23#23: exit
2023/08/12 17:28:13 [notice] 24#24: exit
2023/08/12 17:28:13 [notice] 25#25: exit
2023/08/12 17:28:13 [notice] 26#26: exit
2023/08/12 17:28:13 [notice] 27#27: exit
2023/08/12 17:28:13 [notice] 28#28: exit
2023/08/12 17:28:13 [notice] 29#29: exit
2023/08/12 17:28:13 [notice] 30#30: exit
2023/08/12 17:28:13 [notice] 32#32: exit
2023/08/12 17:28:13 [notice] 33#33: exit
2023/08/12 17:28:13 [notice] 34#34: exit
2023/08/12 17:28:13 [notice] 35#35: exit
2023/08/12 17:28:13 [notice] 36#36: exit
2023/08/12 17:28:13 [notice] 1#1: signal 17 (SIGCHLD) received from 25
2023/08/12 17:28:13 [notice] 1#1: worker process 25 exited with code 0
2023/08/12 17:28:13 [notice] 1#1: signal 29 (SIGIO) received
2023/08/12 17:28:13 [notice] 1#1: signal 17 (SIGCHLD) received from 26
2023/08/12 17:28:13 [notice] 1#1: worker process 23 exited with code 0
2023/08/12 17:28:13 [notice] 1#1: worker process 24 exited with code 0
2023/08/12 17:28:13 [notice] 1#1: worker process 26 exited with code 0
2023/08/12 17:28:13 [notice] 1#1: worker process 27 exited with code 0
2023/08/12 17:28:13 [notice] 1#1: worker process 28 exited with code 0
2023/08/12 17:28:13 [notice] 1#1: worker process 29 exited with code 0
2023/08/12 17:28:13 [notice] 1#1: worker process 30 exited with code 0
2023/08/12 17:28:13 [notice] 1#1: worker process 31 exited with code 0
2023/08/12 17:28:13 [notice] 1#1: worker process 32 exited with code 0
2023/08/12 17:28:13 [notice] 1#1: worker process 33 exited with code 0
2023/08/12 17:28:13 [notice] 1#1: worker process 34 exited with code 0
2023/08/12 17:28:13 [notice] 1#1: worker process 35 exited with code 0
2023/08/12 17:28:13 [notice] 1#1: signal 29 (SIGIO) received
2023/08/12 17:28:13 [notice] 1#1: signal 17 (SIGCHLD) received from 33
2023/08/12 17:28:13 [notice] 1#1: signal 17 (SIGCHLD) received from 21
2023/08/12 17:28:13 [notice] 1#1: worker process 21 exited with code 0
2023/08/12 17:28:13 [notice] 1#1: worker process 22 exited with code 0
2023/08/12 17:28:13 [notice] 1#1: worker process 36 exited with code 0
2023/08/12 17:28:13 [notice] 1#1: exit
2023/08/12 17:28:17 [notice] 1#1: using the "epoll" event method
2023/08/12 17:28:17 [notice] 1#1: nginx/1.25.1
2023/08/12 17:28:17 [notice] 1#1: built by gcc 12.2.0 (Debian 12.2.0-14) 
2023/08/12 17:28:17 [notice] 1#1: OS: Linux 5.10.16.3-microsoft-standard-WSL2
2023/08/12 17:28:17 [notice] 1#1: getrlimit(RLIMIT_NOFILE): 1048576:1048576
2023/08/12 17:28:17 [notice] 1#1: start worker processes
2023/08/12 17:28:17 [notice] 1#1: start worker process 20
2023/08/12 17:28:17 [notice] 1#1: start worker process 21
2023/08/12 17:28:17 [notice] 1#1: start worker process 22
2023/08/12 17:28:17 [notice] 1#1: start worker process 23
2023/08/12 17:28:17 [notice] 1#1: start worker process 24
2023/08/12 17:28:17 [notice] 1#1: start worker process 25
2023/08/12 17:28:17 [notice] 1#1: start worker process 26
2023/08/12 17:28:17 [notice] 1#1: start worker process 27
2023/08/12 17:28:17 [notice] 1#1: start worker process 28
2023/08/12 17:28:17 [notice] 1#1: start worker process 29
2023/08/12 17:28:17 [notice] 1#1: start worker process 30
2023/08/12 17:28:17 [notice] 1#1: start worker process 31
2023/08/12 17:28:17 [notice] 1#1: start worker process 32
2023/08/12 17:28:17 [notice] 1#1: start worker process 33
2023/08/12 17:28:17 [notice] 1#1: start worker process 34
2023/08/12 17:28:17 [notice] 1#1: start worker process 35
2023/08/12 17:29:12 [notice] 1#1: signal 3 (SIGQUIT) received, shutting down
2023/08/12 17:29:12 [notice] 20#20: gracefully shutting down
2023/08/12 17:29:12 [notice] 21#21: gracefully shutting down
2023/08/12 17:29:12 [notice] 34#34: gracefully shutting down
2023/08/12 17:29:12 [notice] 23#23: gracefully shutting down
2023/08/12 17:29:12 [notice] 24#24: gracefully shutting down
2023/08/12 17:29:12 [notice] 22#22: gracefully shutting down
2023/08/12 17:29:12 [notice] 25#25: gracefully shutting down
2023/08/12 17:29:12 [notice] 26#26: gracefully shutting down
2023/08/12 17:29:12 [notice] 28#28: gracefully shutting down
2023/08/12 17:29:12 [notice] 27#27: gracefully shutting down
2023/08/12 17:29:12 [notice] 29#29: gracefully shutting down
2023/08/12 17:29:12 [notice] 20#20: exiting
2023/08/12 17:29:12 [notice] 30#30: gracefully shutting down
2023/08/12 17:29:12 [notice] 32#32: gracefully shutting down
2023/08/12 17:29:12 [notice] 33#33: gracefully shutting down
2023/08/12 17:29:12 [notice] 31#31: gracefully shutting down
2023/08/12 17:29:12 [notice] 35#35: gracefully shutting down
2023/08/12 17:29:12 [notice] 21#21: exiting
2023/08/12 17:29:12 [notice] 34#34: exiting
2023/08/12 17:29:12 [notice] 23#23: exiting
2023/08/12 17:29:12 [notice] 24#24: exiting
2023/08/12 17:29:12 [notice] 22#22: exiting
2023/08/12 17:29:12 [notice] 25#25: exiting
2023/08/12 17:29:12 [notice] 26#26: exiting
2023/08/12 17:29:12 [notice] 28#28: exiting
2023/08/12 17:29:12 [notice] 27#27: exiting
2023/08/12 17:29:12 [notice] 29#29: exiting
2023/08/12 17:29:12 [notice] 20#20: exit
2023/08/12 17:29:12 [notice] 30#30: exiting
2023/08/12 17:29:12 [notice] 32#32: exiting
2023/08/12 17:29:12 [notice] 33#33: exiting
2023/08/12 17:29:12 [notice] 31#31: exiting
2023/08/12 17:29:12 [notice] 35#35: exiting
2023/08/12 17:29:12 [notice] 34#34: exit
2023/08/12 17:29:12 [notice] 21#21: exit
2023/08/12 17:29:12 [notice] 23#23: exit
2023/08/12 17:29:12 [notice] 24#24: exit
2023/08/12 17:29:12 [notice] 22#22: exit
2023/08/12 17:29:12 [notice] 25#25: exit
2023/08/12 17:29:12 [notice] 26#26: exit
2023/08/12 17:29:12 [notice] 28#28: exit
2023/08/12 17:29:12 [notice] 27#27: exit
2023/08/12 17:29:12 [notice] 29#29: exit
2023/08/12 17:29:12 [notice] 30#30: exit
2023/08/12 17:29:12 [notice] 32#32: exit
2023/08/12 17:29:12 [notice] 33#33: exit
2023/08/12 17:29:12 [notice] 31#31: exit
2023/08/12 17:29:12 [notice] 35#35: exit
2023/08/12 17:29:12 [notice] 1#1: signal 17 (SIGCHLD) received from 22
2023/08/12 17:29:12 [notice] 1#1: worker process 21 exited with code 0
2023/08/12 17:29:12 [notice] 1#1: worker process 22 exited with code 0
2023/08/12 17:29:12 [notice] 1#1: worker process 24 exited with code 0
2023/08/12 17:29:12 [notice] 1#1: worker process 26 exited with code 0
2023/08/12 17:29:12 [notice] 1#1: worker process 27 exited with code 0
2023/08/12 17:29:12 [notice] 1#1: worker process 28 exited with code 0
2023/08/12 17:29:12 [notice] 1#1: worker process 29 exited with code 0
2023/08/12 17:29:12 [notice] 1#1: worker process 30 exited with code 0
2023/08/12 17:29:12 [notice] 1#1: worker process 33 exited with code 0
2023/08/12 17:29:12 [notice] 1#1: worker process 34 exited with code 0
2023/08/12 17:29:12 [notice] 1#1: worker process 35 exited with code 0
2023/08/12 17:29:12 [notice] 1#1: signal 29 (SIGIO) received
2023/08/12 17:29:12 [notice] 1#1: signal 17 (SIGCHLD) received from 26
2023/08/12 17:29:12 [notice] 1#1: signal 17 (SIGCHLD) received from 23
2023/08/12 17:29:12 [notice] 1#1: worker process 23 exited with code 0
2023/08/12 17:29:12 [notice] 1#1: signal 29 (SIGIO) received
2023/08/12 17:29:12 [notice] 1#1: signal 17 (SIGCHLD) received from 25
2023/08/12 17:29:12 [notice] 1#1: worker process 20 exited with code 0
2023/08/12 17:29:12 [notice] 1#1: worker process 25 exited with code 0
2023/08/12 17:29:12 [notice] 1#1: worker process 31 exited with code 0
2023/08/12 17:29:12 [notice] 1#1: signal 29 (SIGIO) received
2023/08/12 17:29:12 [notice] 1#1: signal 17 (SIGCHLD) received from 32
2023/08/12 17:29:12 [notice] 1#1: worker process 32 exited with code 0
2023/08/12 17:29:12 [notice] 1#1: exit
2023/08/12 17:29:16 [notice] 1#1: using the "epoll" event method
2023/08/12 17:29:16 [notice] 1#1: nginx/1.25.1
2023/08/12 17:29:16 [notice] 1#1: built by gcc 12.2.0 (Debian 12.2.0-14) 
2023/08/12 17:29:16 [notice] 1#1: OS: Linux 5.10.16.3-microsoft-standard-WSL2
2023/08/12 17:29:16 [notice] 1#1: getrlimit(RLIMIT_NOFILE): 1048576:1048576
2023/08/12 17:29:16 [notice] 1#1: start worker processes
2023/08/12 17:29:16 [notice] 1#1: start worker process 20
2023/08/12 17:29:16 [notice] 1#1: start worker process 21
2023/08/12 17:29:16 [notice] 1#1: start worker process 22
2023/08/12 17:29:16 [notice] 1#1: start worker process 23
2023/08/12 17:29:16 [notice] 1#1: start worker process 24
2023/08/12 17:29:16 [notice] 1#1: start worker process 25
2023/08/12 17:29:16 [notice] 1#1: start worker process 26
2023/08/12 17:29:16 [notice] 1#1: start worker process 27
2023/08/12 17:29:16 [notice] 1#1: start worker process 28
2023/08/12 17:29:16 [notice] 1#1: start worker process 29
2023/08/12 17:29:16 [notice] 1#1: start worker process 30
2023/08/12 17:29:16 [notice] 1#1: start worker process 31
2023/08/12 17:29:16 [notice] 1#1: start worker process 32
2023/08/12 17:29:16 [notice] 1#1: start worker process 33
2023/08/12 17:29:16 [notice] 1#1: start worker process 34
2023/08/12 17:29:16 [notice] 1#1: start worker process 35
2023/08/12 17:33:09 [notice] 1#1: signal 3 (SIGQUIT) received, shutting down
2023/08/12 17:33:09 [notice] 20#20: gracefully shutting down
2023/08/12 17:33:09 [notice] 33#33: gracefully shutting down
2023/08/12 17:33:09 [notice] 21#21: gracefully shutting down
2023/08/12 17:33:09 [notice] 24#24: gracefully shutting down
2023/08/12 17:33:09 [notice] 22#22: gracefully shutting down
2023/08/12 17:33:09 [notice] 23#23: gracefully shutting down
2023/08/12 17:33:09 [notice] 28#28: gracefully shutting down
2023/08/12 17:33:09 [notice] 25#25: gracefully shutting down
2023/08/12 17:33:09 [notice] 26#26: gracefully shutting down
2023/08/12 17:33:09 [notice] 32#32: gracefully shutting down
2023/08/12 17:33:09 [notice] 27#27: gracefully shutting down
2023/08/12 17:33:09 [notice] 31#31: gracefully shutting down
2023/08/12 17:33:09 [notice] 29#29: gracefully shutting down
2023/08/12 17:33:09 [notice] 34#34: gracefully shutting down
2023/08/12 17:33:09 [notice] 35#35: gracefully shutting down
2023/08/12 17:33:09 [notice] 34#34: exiting
2023/08/12 17:33:09 [notice] 30#30: gracefully shutting down
2023/08/12 17:33:09 [notice] 34#34: exit
2023/08/12 17:33:09 [notice] 20#20: exiting
2023/08/12 17:33:09 [notice] 33#33: exiting
2023/08/12 17:33:09 [notice] 21#21: exiting
2023/08/12 17:33:09 [notice] 24#24: exiting
2023/08/12 17:33:09 [notice] 22#22: exiting
2023/08/12 17:33:09 [notice] 23#23: exiting
2023/08/12 17:33:09 [notice] 28#28: exiting
2023/08/12 17:33:09 [notice] 25#25: exiting
2023/08/12 17:33:09 [notice] 26#26: exiting
2023/08/12 17:33:09 [notice] 32#32: exiting
2023/08/12 17:33:09 [notice] 27#27: exiting
2023/08/12 17:33:09 [notice] 31#31: exiting
2023/08/12 17:33:09 [notice] 29#29: exiting
2023/08/12 17:33:09 [notice] 35#35: exiting
2023/08/12 17:33:09 [notice] 30#30: exiting
2023/08/12 17:33:09 [notice] 20#20: exit
2023/08/12 17:33:09 [notice] 33#33: exit
2023/08/12 17:33:09 [notice] 21#21: exit
2023/08/12 17:33:09 [notice] 24#24: exit
2023/08/12 17:33:09 [notice] 22#22: exit
2023/08/12 17:33:09 [notice] 23#23: exit
2023/08/12 17:33:09 [notice] 28#28: exit
2023/08/12 17:33:09 [notice] 25#25: exit
2023/08/12 17:33:09 [notice] 26#26: exit
2023/08/12 17:33:09 [notice] 32#32: exit
2023/08/12 17:33:09 [notice] 27#27: exit
2023/08/12 17:33:09 [notice] 31#31: exit
2023/08/12 17:33:09 [notice] 29#29: exit
2023/08/12 17:33:09 [notice] 35#35: exit
2023/08/12 17:33:09 [notice] 30#30: exit
2023/08/12 17:33:09 [notice] 1#1: signal 17 (SIGCHLD) received from 34
2023/08/12 17:33:09 [notice] 1#1: worker process 20 exited with code 0
2023/08/12 17:33:09 [notice] 1#1: worker process 22 exited with code 0
2023/08/12 17:33:09 [notice] 1#1: worker process 24 exited with code 0
2023/08/12 17:33:09 [notice] 1#1: worker process 28 exited with code 0
2023/08/12 17:33:09 [notice] 1#1: worker process 34 exited with code 0
2023/08/12 17:33:09 [notice] 1#1: signal 29 (SIGIO) received
2023/08/12 17:33:09 [notice] 1#1: signal 17 (SIGCHLD) received from 20
2023/08/12 17:33:09 [notice] 1#1: signal 17 (SIGCHLD) received from 31
2023/08/12 17:33:09 [notice] 1#1: worker process 23 exited with code 0
2023/08/12 17:33:09 [notice] 1#1: worker process 31 exited with code 0
2023/08/12 17:33:09 [notice] 1#1: signal 29 (SIGIO) received
2023/08/12 17:33:09 [notice] 1#1: signal 17 (SIGCHLD) received from 23
2023/08/12 17:33:09 [notice] 1#1: signal 17 (SIGCHLD) received from 35
2023/08/12 17:33:09 [notice] 1#1: worker process 35 exited with code 0
2023/08/12 17:33:09 [notice] 1#1: signal 29 (SIGIO) received
2023/08/12 17:33:09 [notice] 1#1: signal 17 (SIGCHLD) received from 33
2023/08/12 17:33:09 [notice] 1#1: worker process 26 exited with code 0
2023/08/12 17:33:09 [notice] 1#1: worker process 29 exited with code 0
2023/08/12 17:33:09 [notice] 1#1: worker process 32 exited with code 0
2023/08/12 17:33:09 [notice] 1#1: worker process 33 exited with code 0
2023/08/12 17:33:09 [notice] 1#1: signal 29 (SIGIO) received
2023/08/12 17:33:09 [notice] 1#1: signal 17 (SIGCHLD) received from 32
2023/08/12 17:33:09 [notice] 1#1: signal 17 (SIGCHLD) received from 30
2023/08/12 17:33:09 [notice] 1#1: worker process 21 exited with code 0
2023/08/12 17:33:09 [notice] 1#1: worker process 30 exited with code 0
2023/08/12 17:33:09 [notice] 1#1: signal 29 (SIGIO) received
2023/08/12 17:33:09 [notice] 1#1: signal 17 (SIGCHLD) received from 21
2023/08/12 17:33:09 [notice] 1#1: signal 17 (SIGCHLD) received from 27
2023/08/12 17:33:09 [notice] 1#1: worker process 25 exited with code 0
2023/08/12 17:33:09 [notice] 1#1: worker process 27 exited with code 0
2023/08/12 17:33:09 [notice] 1#1: exit
2023/08/12 17:33:12 [notice] 1#1: using the "epoll" event method
2023/08/12 17:33:12 [notice] 1#1: nginx/1.25.1
2023/08/12 17:33:12 [notice] 1#1: built by gcc 12.2.0 (Debian 12.2.0-14) 
2023/08/12 17:33:12 [notice] 1#1: OS: Linux 5.10.16.3-microsoft-standard-WSL2
2023/08/12 17:33:12 [notice] 1#1: getrlimit(RLIMIT_NOFILE): 1048576:1048576
2023/08/12 17:33:12 [notice] 1#1: start worker processes
2023/08/12 17:33:12 [notice] 1#1: start worker process 20
2023/08/12 17:33:12 [notice] 1#1: start worker process 21
2023/08/12 17:33:12 [notice] 1#1: start worker process 22
2023/08/12 17:33:12 [notice] 1#1: start worker process 23
2023/08/12 17:33:12 [notice] 1#1: start worker process 24
2023/08/12 17:33:12 [notice] 1#1: start worker process 25
2023/08/12 17:33:12 [notice] 1#1: start worker process 26
2023/08/12 17:33:12 [notice] 1#1: start worker process 27
2023/08/12 17:33:12 [notice] 1#1: start worker process 28
2023/08/12 17:33:12 [notice] 1#1: start worker process 29
2023/08/12 17:33:12 [notice] 1#1: start worker process 30
2023/08/12 17:33:12 [notice] 1#1: start worker process 31
2023/08/12 17:33:12 [notice] 1#1: start worker process 32
2023/08/12 17:33:12 [notice] 1#1: start worker process 33
2023/08/12 17:33:12 [notice] 1#1: start worker process 34
2023/08/12 17:33:12 [notice] 1#1: start worker process 35
2023/08/12 17:43:00 [notice] 1#1: signal 3 (SIGQUIT) received, shutting down
2023/08/12 17:43:00 [notice] 20#20: gracefully shutting down
2023/08/12 17:43:00 [notice] 30#30: gracefully shutting down
2023/08/12 17:43:00 [notice] 21#21: gracefully shutting down
2023/08/12 17:43:00 [notice] 22#22: gracefully shutting down
2023/08/12 17:43:00 [notice] 23#23: gracefully shutting down
2023/08/12 17:43:00 [notice] 24#24: gracefully shutting down
2023/08/12 17:43:00 [notice] 25#25: gracefully shutting down
2023/08/12 17:43:00 [notice] 26#26: gracefully shutting down
2023/08/12 17:43:00 [notice] 27#27: gracefully shutting down
2023/08/12 17:43:00 [notice] 28#28: gracefully shutting down
2023/08/12 17:43:00 [notice] 29#29: gracefully shutting down
2023/08/12 17:43:00 [notice] 31#31: gracefully shutting down
2023/08/12 17:43:00 [notice] 32#32: gracefully shutting down
2023/08/12 17:43:00 [notice] 33#33: gracefully shutting down
2023/08/12 17:43:00 [notice] 34#34: gracefully shutting down
2023/08/12 17:43:00 [notice] 35#35: gracefully shutting down
2023/08/12 17:43:00 [notice] 20#20: exiting
2023/08/12 17:43:00 [notice] 30#30: exiting
2023/08/12 17:43:00 [notice] 21#21: exiting
2023/08/12 17:43:00 [notice] 22#22: exiting
2023/08/12 17:43:00 [notice] 23#23: exiting
2023/08/12 17:43:00 [notice] 24#24: exiting
2023/08/12 17:43:00 [notice] 25#25: exiting
2023/08/12 17:43:00 [notice] 26#26: exiting
2023/08/12 17:43:00 [notice] 27#27: exiting
2023/08/12 17:43:00 [notice] 28#28: exiting
2023/08/12 17:43:00 [notice] 29#29: exiting
2023/08/12 17:43:00 [notice] 31#31: exiting
2023/08/12 17:43:00 [notice] 32#32: exiting
2023/08/12 17:43:00 [notice] 33#33: exiting
2023/08/12 17:43:00 [notice] 34#34: exiting
2023/08/12 17:43:00 [notice] 35#35: exiting
2023/08/12 17:43:00 [notice] 20#20: exit
2023/08/12 17:43:00 [notice] 30#30: exit
2023/08/12 17:43:00 [notice] 21#21: exit
2023/08/12 17:43:00 [notice] 22#22: exit
2023/08/12 17:43:00 [notice] 23#23: exit
2023/08/12 17:43:00 [notice] 24#24: exit
2023/08/12 17:43:00 [notice] 25#25: exit
2023/08/12 17:43:00 [notice] 26#26: exit
2023/08/12 17:43:00 [notice] 27#27: exit
2023/08/12 17:43:00 [notice] 28#28: exit
2023/08/12 17:43:00 [notice] 29#29: exit
2023/08/12 17:43:00 [notice] 31#31: exit
2023/08/12 17:43:00 [notice] 32#32: exit
2023/08/12 17:43:00 [notice] 33#33: exit
2023/08/12 17:43:00 [notice] 34#34: exit
2023/08/12 17:43:00 [notice] 35#35: exit
2023/08/12 17:43:00 [notice] 1#1: signal 17 (SIGCHLD) received from 31
2023/08/12 17:43:00 [notice] 1#1: worker process 23 exited with code 0
2023/08/12 17:43:00 [notice] 1#1: worker process 27 exited with code 0
2023/08/12 17:43:00 [notice] 1#1: worker process 31 exited with code 0
2023/08/12 17:43:00 [notice] 1#1: worker process 34 exited with code 0
2023/08/12 17:43:00 [notice] 1#1: signal 29 (SIGIO) received
2023/08/12 17:43:00 [notice] 1#1: signal 17 (SIGCHLD) received from 23
2023/08/12 17:43:00 [notice] 1#1: signal 17 (SIGCHLD) received from 22
2023/08/12 17:43:00 [notice] 1#1: worker process 21 exited with code 0
2023/08/12 17:43:00 [notice] 1#1: worker process 22 exited with code 0
2023/08/12 17:43:00 [notice] 1#1: worker process 24 exited with code 0
2023/08/12 17:43:00 [notice] 1#1: worker process 25 exited with code 0
2023/08/12 17:43:00 [notice] 1#1: worker process 30 exited with code 0
2023/08/12 17:43:00 [notice] 1#1: worker process 32 exited with code 0
2023/08/12 17:43:00 [notice] 1#1: worker process 33 exited with code 0
2023/08/12 17:43:00 [notice] 1#1: signal 29 (SIGIO) received
2023/08/12 17:43:00 [notice] 1#1: signal 17 (SIGCHLD) received from 21
2023/08/12 17:43:00 [notice] 1#1: signal 17 (SIGCHLD) received from 28
2023/08/12 17:43:00 [notice] 1#1: worker process 26 exited with code 0
2023/08/12 17:43:00 [notice] 1#1: worker process 28 exited with code 0
2023/08/12 17:43:00 [notice] 1#1: worker process 29 exited with code 0
2023/08/12 17:43:00 [notice] 1#1: worker process 35 exited with code 0
2023/08/12 17:43:00 [notice] 1#1: signal 29 (SIGIO) received
2023/08/12 17:43:00 [notice] 1#1: signal 17 (SIGCHLD) received from 35
2023/08/12 17:43:00 [notice] 1#1: signal 17 (SIGCHLD) received from 20
2023/08/12 17:43:00 [notice] 1#1: worker process 20 exited with code 0
2023/08/12 17:43:00 [notice] 1#1: exit
2023/08/12 17:52:56 [notice] 1#1: using the "epoll" event method
2023/08/12 17:52:56 [notice] 1#1: nginx/1.25.1
2023/08/12 17:52:56 [notice] 1#1: built by gcc 12.2.0 (Debian 12.2.0-14) 
2023/08/12 17:52:56 [notice] 1#1: OS: Linux 5.10.16.3-microsoft-standard-WSL2
2023/08/12 17:52:56 [notice] 1#1: getrlimit(RLIMIT_NOFILE): 1048576:1048576
2023/08/12 17:52:56 [notice] 1#1: start worker processes
2023/08/12 17:52:56 [notice] 1#1: start worker process 20
2023/08/12 17:52:56 [notice] 1#1: start worker process 21
2023/08/12 17:52:56 [notice] 1#1: start worker process 22
2023/08/12 17:52:56 [notice] 1#1: start worker process 23
2023/08/12 17:52:56 [notice] 1#1: start worker process 24
2023/08/12 17:52:56 [notice] 1#1: start worker process 25
2023/08/12 17:52:56 [notice] 1#1: start worker process 26
2023/08/12 17:52:56 [notice] 1#1: start worker process 27
2023/08/12 17:52:56 [notice] 1#1: start worker process 28
2023/08/12 17:52:56 [notice] 1#1: start worker process 29
2023/08/12 17:52:56 [notice] 1#1: start worker process 30
2023/08/12 17:52:56 [notice] 1#1: start worker process 31
2023/08/12 17:52:56 [notice] 1#1: start worker process 32
2023/08/12 17:52:56 [notice] 1#1: start worker process 33
2023/08/12 17:52:56 [notice] 1#1: start worker process 34
2023/08/12 17:52:56 [notice] 1#1: start worker process 35
2023/08/12 17:59:58 [warn] 21#21: *36 a client request body is buffered to a temporary file /var/cache/nginx/client_temp/0000000001, client: 192.168.96.1, server: tonys-hardware.com, request: "POST /hardware/add/RAMMemory/ HTTP/1.1", host: "tonys-hardware.com", referrer: "http://tonys-hardware.com/hardware/add/RAMMemory/"
2023/08/12 18:35:10 [notice] 1#1: signal 3 (SIGQUIT) received, shutting down
2023/08/12 18:35:10 [notice] 20#20: gracefully shutting down
2023/08/12 18:35:10 [notice] 28#28: gracefully shutting down
2023/08/12 18:35:10 [notice] 21#21: gracefully shutting down
2023/08/12 18:35:10 [notice] 22#22: gracefully shutting down
2023/08/12 18:35:10 [notice] 23#23: gracefully shutting down
2023/08/12 18:35:10 [notice] 25#25: gracefully shutting down
2023/08/12 18:35:10 [notice] 26#26: gracefully shutting down
2023/08/12 18:35:10 [notice] 29#29: gracefully shutting down
2023/08/12 18:35:10 [notice] 24#24: gracefully shutting down
2023/08/12 18:35:10 [notice] 30#30: gracefully shutting down
2023/08/12 18:35:10 [notice] 27#27: gracefully shutting down
2023/08/12 18:35:10 [notice] 32#32: gracefully shutting down
2023/08/12 18:35:10 [notice] 27#27: exiting
2023/08/12 18:35:10 [notice] 33#33: gracefully shutting down
2023/08/12 18:35:10 [notice] 31#31: gracefully shutting down
2023/08/12 18:35:10 [notice] 35#35: gracefully shutting down
2023/08/12 18:35:10 [notice] 34#34: gracefully shutting down
2023/08/12 18:35:10 [notice] 20#20: exiting
2023/08/12 18:35:10 [notice] 28#28: exiting
2023/08/12 18:35:10 [notice] 21#21: exiting
2023/08/12 18:35:10 [notice] 22#22: exiting
2023/08/12 18:35:10 [notice] 23#23: exiting
2023/08/12 18:35:10 [notice] 25#25: exiting
2023/08/12 18:35:10 [notice] 26#26: exiting
2023/08/12 18:35:10 [notice] 29#29: exiting
2023/08/12 18:35:10 [notice] 24#24: exiting
2023/08/12 18:35:10 [notice] 30#30: exiting
2023/08/12 18:35:10 [notice] 32#32: exiting
2023/08/12 18:35:10 [notice] 27#27: exit
2023/08/12 18:35:10 [notice] 33#33: exiting
2023/08/12 18:35:10 [notice] 31#31: exiting
2023/08/12 18:35:10 [notice] 35#35: exiting
2023/08/12 18:35:10 [notice] 34#34: exiting
2023/08/12 18:35:10 [notice] 20#20: exit
2023/08/12 18:35:10 [notice] 28#28: exit
2023/08/12 18:35:10 [notice] 21#21: exit
2023/08/12 18:35:10 [notice] 22#22: exit
2023/08/12 18:35:10 [notice] 23#23: exit
2023/08/12 18:35:10 [notice] 25#25: exit
2023/08/12 18:35:10 [notice] 26#26: exit
2023/08/12 18:35:10 [notice] 29#29: exit
2023/08/12 18:35:10 [notice] 24#24: exit
2023/08/12 18:35:10 [notice] 30#30: exit
2023/08/12 18:35:10 [notice] 32#32: exit
2023/08/12 18:35:10 [notice] 33#33: exit
2023/08/12 18:35:10 [notice] 31#31: exit
2023/08/12 18:35:10 [notice] 35#35: exit
2023/08/12 18:35:10 [notice] 34#34: exit
2023/08/12 18:35:10 [notice] 1#1: signal 17 (SIGCHLD) received from 31
2023/08/12 18:35:10 [notice] 1#1: worker process 20 exited with code 0
2023/08/12 18:35:10 [notice] 1#1: worker process 25 exited with code 0
2023/08/12 18:35:10 [notice] 1#1: worker process 26 exited with code 0
2023/08/12 18:35:10 [notice] 1#1: worker process 27 exited with code 0
2023/08/12 18:35:10 [notice] 1#1: worker process 28 exited with code 0
2023/08/12 18:35:10 [notice] 1#1: worker process 29 exited with code 0
2023/08/12 18:35:10 [notice] 1#1: worker process 30 exited with code 0
2023/08/12 18:35:10 [notice] 1#1: worker process 31 exited with code 0
2023/08/12 18:35:10 [notice] 1#1: worker process 33 exited with code 0
2023/08/12 18:35:10 [notice] 1#1: worker process 34 exited with code 0
2023/08/12 18:35:10 [notice] 1#1: signal 29 (SIGIO) received
2023/08/12 18:35:10 [notice] 1#1: signal 17 (SIGCHLD) received from 30
2023/08/12 18:35:10 [notice] 1#1: signal 17 (SIGCHLD) received from 22
2023/08/12 18:35:10 [notice] 1#1: worker process 22 exited with code 0
2023/08/12 18:35:10 [notice] 1#1: signal 29 (SIGIO) received
2023/08/12 18:35:10 [notice] 1#1: signal 17 (SIGCHLD) received from 23
2023/08/12 18:35:10 [notice] 1#1: worker process 23 exited with code 0
2023/08/12 18:35:10 [notice] 1#1: worker process 24 exited with code 0
2023/08/12 18:35:10 [notice] 1#1: worker process 32 exited with code 0
2023/08/12 18:35:10 [notice] 1#1: worker process 35 exited with code 0
2023/08/12 18:35:10 [notice] 1#1: signal 29 (SIGIO) received
2023/08/12 18:35:10 [notice] 1#1: signal 17 (SIGCHLD) received from 24
2023/08/12 18:35:10 [notice] 1#1: signal 17 (SIGCHLD) received from 21
2023/08/12 18:35:10 [notice] 1#1: worker process 21 exited with code 0
2023/08/12 18:35:10 [notice] 1#1: exit
2023/08/12 18:35:13 [notice] 1#1: using the "epoll" event method
2023/08/12 18:35:13 [notice] 1#1: nginx/1.25.1
2023/08/12 18:35:13 [notice] 1#1: built by gcc 12.2.0 (Debian 12.2.0-14) 
2023/08/12 18:35:13 [notice] 1#1: OS: Linux 5.10.16.3-microsoft-standard-WSL2
2023/08/12 18:35:13 [notice] 1#1: getrlimit(RLIMIT_NOFILE): 1048576:1048576
2023/08/12 18:35:13 [notice] 1#1: start worker processes
2023/08/12 18:35:13 [notice] 1#1: start worker process 20
2023/08/12 18:35:13 [notice] 1#1: start worker process 21
2023/08/12 18:35:13 [notice] 1#1: start worker process 22
2023/08/12 18:35:13 [notice] 1#1: start worker process 23
2023/08/12 18:35:13 [notice] 1#1: start worker process 24
2023/08/12 18:35:13 [notice] 1#1: start worker process 25
2023/08/12 18:35:13 [notice] 1#1: start worker process 26
2023/08/12 18:35:13 [notice] 1#1: start worker process 27
2023/08/12 18:35:13 [notice] 1#1: start worker process 28
2023/08/12 18:35:13 [notice] 1#1: start worker process 29
2023/08/12 18:35:13 [notice] 1#1: start worker process 30
2023/08/12 18:35:13 [notice] 1#1: start worker process 31
2023/08/12 18:35:13 [notice] 1#1: start worker process 32
2023/08/12 18:35:13 [notice] 1#1: start worker process 33
2023/08/12 18:35:13 [notice] 1#1: start worker process 34
2023/08/12 18:35:13 [notice] 1#1: start worker process 35
2023/08/12 18:48:02 [notice] 1#1: signal 3 (SIGQUIT) received, shutting down
2023/08/12 18:48:02 [notice] 20#20: gracefully shutting down
2023/08/12 18:48:02 [notice] 34#34: gracefully shutting down
2023/08/12 18:48:02 [notice] 21#21: gracefully shutting down
2023/08/12 18:48:02 [notice] 22#22: gracefully shutting down
2023/08/12 18:48:02 [notice] 24#24: gracefully shutting down
2023/08/12 18:48:02 [notice] 22#22: exiting
2023/08/12 18:48:02 [notice] 23#23: gracefully shutting down
2023/08/12 18:48:02 [notice] 25#25: gracefully shutting down
2023/08/12 18:48:02 [notice] 26#26: gracefully shutting down
2023/08/12 18:48:02 [notice] 27#27: gracefully shutting down
2023/08/12 18:48:02 [notice] 28#28: gracefully shutting down
2023/08/12 18:48:02 [notice] 31#31: gracefully shutting down
2023/08/12 18:48:02 [notice] 30#30: gracefully shutting down
2023/08/12 18:48:02 [notice] 32#32: gracefully shutting down
2023/08/12 18:48:02 [notice] 33#33: gracefully shutting down
2023/08/12 18:48:02 [notice] 29#29: gracefully shutting down
2023/08/12 18:48:02 [notice] 35#35: gracefully shutting down
2023/08/12 18:48:02 [notice] 20#20: exiting
2023/08/12 18:48:02 [notice] 34#34: exiting
2023/08/12 18:48:02 [notice] 21#21: exiting
2023/08/12 18:48:02 [notice] 24#24: exiting
2023/08/12 18:48:02 [notice] 22#22: exit
2023/08/12 18:48:02 [notice] 23#23: exiting
2023/08/12 18:48:02 [notice] 25#25: exiting
2023/08/12 18:48:02 [notice] 26#26: exiting
2023/08/12 18:48:02 [notice] 27#27: exiting
2023/08/12 18:48:02 [notice] 28#28: exiting
2023/08/12 18:48:02 [notice] 31#31: exiting
2023/08/12 18:48:02 [notice] 30#30: exiting
2023/08/12 18:48:02 [notice] 32#32: exiting
2023/08/12 18:48:02 [notice] 33#33: exiting
2023/08/12 18:48:02 [notice] 35#35: exiting
2023/08/12 18:48:02 [notice] 29#29: exiting
2023/08/12 18:48:02 [notice] 20#20: exit
2023/08/12 18:48:02 [notice] 34#34: exit
2023/08/12 18:48:02 [notice] 21#21: exit
2023/08/12 18:48:02 [notice] 24#24: exit
2023/08/12 18:48:02 [notice] 23#23: exit
2023/08/12 18:48:02 [notice] 25#25: exit
2023/08/12 18:48:02 [notice] 26#26: exit
2023/08/12 18:48:02 [notice] 27#27: exit
2023/08/12 18:48:02 [notice] 28#28: exit
2023/08/12 18:48:02 [notice] 31#31: exit
2023/08/12 18:48:02 [notice] 30#30: exit
2023/08/12 18:48:02 [notice] 32#32: exit
2023/08/12 18:48:02 [notice] 33#33: exit
2023/08/12 18:48:02 [notice] 35#35: exit
2023/08/12 18:48:02 [notice] 29#29: exit
2023/08/12 18:48:02 [notice] 1#1: signal 17 (SIGCHLD) received from 30
2023/08/12 18:48:02 [notice] 1#1: worker process 20 exited with code 0
2023/08/12 18:48:02 [notice] 1#1: worker process 23 exited with code 0
2023/08/12 18:48:02 [notice] 1#1: worker process 29 exited with code 0
2023/08/12 18:48:02 [notice] 1#1: worker process 30 exited with code 0
2023/08/12 18:48:02 [notice] 1#1: worker process 34 exited with code 0
2023/08/12 18:48:02 [notice] 1#1: worker process 35 exited with code 0
2023/08/12 18:48:02 [notice] 1#1: signal 29 (SIGIO) received
2023/08/12 18:48:02 [notice] 1#1: signal 17 (SIGCHLD) received from 23
2023/08/12 18:48:02 [notice] 1#1: signal 17 (SIGCHLD) received from 22
2023/08/12 18:48:02 [notice] 1#1: worker process 22 exited with code 0
2023/08/12 18:48:02 [notice] 1#1: worker process 24 exited with code 0
2023/08/12 18:48:02 [notice] 1#1: worker process 25 exited with code 0
2023/08/12 18:48:02 [notice] 1#1: worker process 27 exited with code 0
2023/08/12 18:48:02 [notice] 1#1: worker process 28 exited with code 0
2023/08/12 18:48:02 [notice] 1#1: worker process 31 exited with code 0
2023/08/12 18:48:02 [notice] 1#1: signal 29 (SIGIO) received
2023/08/12 18:48:02 [notice] 1#1: signal 17 (SIGCHLD) received from 28
2023/08/12 18:48:03 [notice] 1#1: signal 17 (SIGCHLD) received from 33
2023/08/12 18:48:03 [notice] 1#1: worker process 33 exited with code 0
2023/08/12 18:48:03 [notice] 1#1: signal 29 (SIGIO) received
2023/08/12 18:48:03 [notice] 1#1: signal 17 (SIGCHLD) received from 26
2023/08/12 18:48:03 [notice] 1#1: worker process 21 exited with code 0
2023/08/12 18:48:03 [notice] 1#1: worker process 26 exited with code 0
2023/08/12 18:48:03 [notice] 1#1: worker process 32 exited with code 0
2023/08/12 18:48:03 [notice] 1#1: exit
2023/08/12 19:15:51 [notice] 1#1: using the "epoll" event method
2023/08/12 19:15:51 [notice] 1#1: nginx/1.25.1
2023/08/12 19:15:51 [notice] 1#1: built by gcc 12.2.0 (Debian 12.2.0-14) 
2023/08/12 19:15:51 [notice] 1#1: OS: Linux 5.10.16.3-microsoft-standard-WSL2
2023/08/12 19:15:51 [notice] 1#1: getrlimit(RLIMIT_NOFILE): 1048576:1048576
2023/08/12 19:15:51 [notice] 1#1: start worker processes
2023/08/12 19:15:51 [notice] 1#1: start worker process 20
2023/08/12 19:15:51 [notice] 1#1: start worker process 21
2023/08/12 19:15:51 [notice] 1#1: start worker process 22
2023/08/12 19:15:51 [notice] 1#1: start worker process 23
2023/08/12 19:15:51 [notice] 1#1: start worker process 24
2023/08/12 19:15:51 [notice] 1#1: start worker process 25
2023/08/12 19:15:51 [notice] 1#1: start worker process 26
2023/08/12 19:15:51 [notice] 1#1: start worker process 27
2023/08/12 19:15:51 [notice] 1#1: start worker process 28
2023/08/12 19:15:51 [notice] 1#1: start worker process 29
2023/08/12 19:15:51 [notice] 1#1: start worker process 30
2023/08/12 19:15:51 [notice] 1#1: start worker process 31
2023/08/12 19:15:51 [notice] 1#1: start worker process 32
2023/08/12 19:15:51 [notice] 1#1: start worker process 33
2023/08/12 19:15:51 [notice] 1#1: start worker process 34
2023/08/12 19:15:51 [notice] 1#1: start worker process 35
2023/08/12 19:20:09 [notice] 1#1: signal 3 (SIGQUIT) received, shutting down
2023/08/12 19:20:09 [notice] 20#20: gracefully shutting down
2023/08/12 19:20:09 [notice] 21#21: gracefully shutting down
2023/08/12 19:20:09 [notice] 22#22: gracefully shutting down
2023/08/12 19:20:09 [notice] 23#23: gracefully shutting down
2023/08/12 19:20:09 [notice] 24#24: gracefully shutting down
2023/08/12 19:20:09 [notice] 25#25: gracefully shutting down
2023/08/12 19:20:09 [notice] 26#26: gracefully shutting down
2023/08/12 19:20:09 [notice] 27#27: gracefully shutting down
2023/08/12 19:20:09 [notice] 20#20: exiting
2023/08/12 19:20:09 [notice] 28#28: gracefully shutting down
2023/08/12 19:20:09 [notice] 29#29: gracefully shutting down
2023/08/12 19:20:09 [notice] 30#30: gracefully shutting down
2023/08/12 19:20:09 [notice] 31#31: gracefully shutting down
2023/08/12 19:20:09 [notice] 32#32: gracefully shutting down
2023/08/12 19:20:09 [notice] 33#33: gracefully shutting down
2023/08/12 19:20:09 [notice] 34#34: gracefully shutting down
2023/08/12 19:20:09 [notice] 35#35: gracefully shutting down
2023/08/12 19:20:09 [notice] 21#21: exiting
2023/08/12 19:20:09 [notice] 22#22: exiting
2023/08/12 19:20:09 [notice] 23#23: exiting
2023/08/12 19:20:09 [notice] 24#24: exiting
2023/08/12 19:20:09 [notice] 25#25: exiting
2023/08/12 19:20:09 [notice] 26#26: exiting
2023/08/12 19:20:09 [notice] 27#27: exiting
2023/08/12 19:20:09 [notice] 20#20: exit
2023/08/12 19:20:09 [notice] 28#28: exiting
2023/08/12 19:20:09 [notice] 29#29: exiting
2023/08/12 19:20:09 [notice] 30#30: exiting
2023/08/12 19:20:09 [notice] 31#31: exiting
2023/08/12 19:20:09 [notice] 32#32: exiting
2023/08/12 19:20:09 [notice] 33#33: exiting
2023/08/12 19:20:09 [notice] 34#34: exiting
2023/08/12 19:20:09 [notice] 35#35: exiting
2023/08/12 19:20:09 [notice] 21#21: exit
2023/08/12 19:20:09 [notice] 22#22: exit
2023/08/12 19:20:09 [notice] 23#23: exit
2023/08/12 19:20:09 [notice] 24#24: exit
2023/08/12 19:20:09 [notice] 25#25: exit
2023/08/12 19:20:09 [notice] 26#26: exit
2023/08/12 19:20:09 [notice] 27#27: exit
2023/08/12 19:20:09 [notice] 28#28: exit
2023/08/12 19:20:09 [notice] 29#29: exit
2023/08/12 19:20:09 [notice] 30#30: exit
2023/08/12 19:20:09 [notice] 31#31: exit
2023/08/12 19:20:09 [notice] 32#32: exit
2023/08/12 19:20:09 [notice] 33#33: exit
2023/08/12 19:20:09 [notice] 34#34: exit
2023/08/12 19:20:09 [notice] 35#35: exit
2023/08/12 19:20:09 [notice] 1#1: signal 17 (SIGCHLD) received from 33
2023/08/12 19:20:09 [notice] 1#1: worker process 20 exited with code 0
2023/08/12 19:20:09 [notice] 1#1: worker process 23 exited with code 0
2023/08/12 19:20:09 [notice] 1#1: worker process 30 exited with code 0
2023/08/12 19:20:09 [notice] 1#1: worker process 33 exited with code 0
2023/08/12 19:20:09 [notice] 1#1: signal 29 (SIGIO) received
2023/08/12 19:20:09 [notice] 1#1: signal 17 (SIGCHLD) received from 24
2023/08/12 19:20:09 [notice] 1#1: worker process 24 exited with code 0
2023/08/12 19:20:09 [notice] 1#1: worker process 26 exited with code 0
2023/08/12 19:20:09 [notice] 1#1: worker process 29 exited with code 0
2023/08/12 19:20:09 [notice] 1#1: signal 29 (SIGIO) received
2023/08/12 19:20:09 [notice] 1#1: signal 17 (SIGCHLD) received from 26
2023/08/12 19:20:09 [notice] 1#1: signal 17 (SIGCHLD) received from 31
2023/08/12 19:20:09 [notice] 1#1: worker process 25 exited with code 0
2023/08/12 19:20:09 [notice] 1#1: worker process 27 exited with code 0
2023/08/12 19:20:09 [notice] 1#1: worker process 28 exited with code 0
2023/08/12 19:20:09 [notice] 1#1: worker process 31 exited with code 0
2023/08/12 19:20:09 [notice] 1#1: worker process 34 exited with code 0
2023/08/12 19:20:09 [notice] 1#1: signal 29 (SIGIO) received
2023/08/12 19:20:09 [notice] 1#1: signal 17 (SIGCHLD) received from 27
2023/08/12 19:20:09 [notice] 1#1: signal 17 (SIGCHLD) received from 21
2023/08/12 19:20:09 [notice] 1#1: worker process 21 exited with code 0
2023/08/12 19:20:09 [notice] 1#1: signal 29 (SIGIO) received
2023/08/12 19:20:09 [notice] 1#1: signal 17 (SIGCHLD) received from 35
2023/08/12 19:20:09 [notice] 1#1: worker process 22 exited with code 0
2023/08/12 19:20:09 [notice] 1#1: worker process 32 exited with code 0
2023/08/12 19:20:09 [notice] 1#1: worker process 35 exited with code 0
2023/08/12 19:20:09 [notice] 1#1: exit
2023/08/12 19:20:12 [notice] 1#1: using the "epoll" event method
2023/08/12 19:20:12 [notice] 1#1: nginx/1.25.1
2023/08/12 19:20:12 [notice] 1#1: built by gcc 12.2.0 (Debian 12.2.0-14) 
2023/08/12 19:20:12 [notice] 1#1: OS: Linux 5.10.16.3-microsoft-standard-WSL2
2023/08/12 19:20:12 [notice] 1#1: getrlimit(RLIMIT_NOFILE): 1048576:1048576
2023/08/12 19:20:12 [notice] 1#1: start worker processes
2023/08/12 19:20:12 [notice] 1#1: start worker process 20
2023/08/12 19:20:12 [notice] 1#1: start worker process 21
2023/08/12 19:20:12 [notice] 1#1: start worker process 22
2023/08/12 19:20:12 [notice] 1#1: start worker process 23
2023/08/12 19:20:12 [notice] 1#1: start worker process 24
2023/08/12 19:20:12 [notice] 1#1: start worker process 25
2023/08/12 19:20:12 [notice] 1#1: start worker process 26
2023/08/12 19:20:12 [notice] 1#1: start worker process 27
2023/08/12 19:20:12 [notice] 1#1: start worker process 28
2023/08/12 19:20:12 [notice] 1#1: start worker process 29
2023/08/12 19:20:12 [notice] 1#1: start worker process 30
2023/08/12 19:20:12 [notice] 1#1: start worker process 31
2023/08/12 19:20:12 [notice] 1#1: start worker process 32
2023/08/12 19:20:12 [notice] 1#1: start worker process 33
2023/08/12 19:20:12 [notice] 1#1: start worker process 34
2023/08/12 19:20:12 [notice] 1#1: start worker process 35
2023/08/12 19:41:48 [notice] 1#1: signal 3 (SIGQUIT) received, shutting down
2023/08/12 19:41:48 [notice] 22#22: gracefully shutting down
2023/08/12 19:41:48 [notice] 23#23: gracefully shutting down
2023/08/12 19:41:48 [notice] 20#20: gracefully shutting down
2023/08/12 19:41:48 [notice] 21#21: gracefully shutting down
2023/08/12 19:41:48 [notice] 20#20: exiting
2023/08/12 19:41:48 [notice] 28#28: gracefully shutting down
2023/08/12 19:41:48 [notice] 27#27: gracefully shutting down
2023/08/12 19:41:48 [notice] 29#29: gracefully shutting down
2023/08/12 19:41:48 [notice] 32#32: gracefully shutting down
2023/08/12 19:41:48 [notice] 25#25: gracefully shutting down
2023/08/12 19:41:48 [notice] 30#30: gracefully shutting down
2023/08/12 19:41:48 [notice] 25#25: exiting
2023/08/12 19:41:48 [notice] 33#33: gracefully shutting down
2023/08/12 19:41:48 [notice] 24#24: gracefully shutting down
2023/08/12 19:41:48 [notice] 26#26: gracefully shutting down
2023/08/12 19:41:48 [notice] 35#35: gracefully shutting down
2023/08/12 19:41:48 [notice] 22#22: exiting
2023/08/12 19:41:48 [notice] 31#31: gracefully shutting down
2023/08/12 19:41:48 [notice] 23#23: exiting
2023/08/12 19:41:48 [notice] 34#34: gracefully shutting down
2023/08/12 19:41:48 [notice] 20#20: exit
2023/08/12 19:41:48 [notice] 21#21: exiting
2023/08/12 19:41:48 [notice] 28#28: exiting
2023/08/12 19:41:48 [notice] 29#29: exiting
2023/08/12 19:41:48 [notice] 32#32: exiting
2023/08/12 19:41:48 [notice] 27#27: exiting
2023/08/12 19:41:48 [notice] 30#30: exiting
2023/08/12 19:41:48 [notice] 25#25: exit
2023/08/12 19:41:48 [notice] 24#24: exiting
2023/08/12 19:41:48 [notice] 33#33: exiting
2023/08/12 19:41:48 [notice] 24#24: exit
2023/08/12 19:41:48 [notice] 26#26: exiting
2023/08/12 19:41:48 [notice] 35#35: exiting
2023/08/12 19:41:48 [notice] 22#22: exit
2023/08/12 19:41:48 [notice] 23#23: exit
2023/08/12 19:41:48 [notice] 31#31: exiting
2023/08/12 19:41:48 [notice] 21#21: exit
2023/08/12 19:41:48 [notice] 28#28: exit
2023/08/12 19:41:48 [notice] 29#29: exit
2023/08/12 19:41:48 [notice] 34#34: exiting
2023/08/12 19:41:48 [notice] 32#32: exit
2023/08/12 19:41:48 [notice] 27#27: exit
2023/08/12 19:41:48 [notice] 30#30: exit
2023/08/12 19:41:48 [notice] 33#33: exit
2023/08/12 19:41:48 [notice] 26#26: exit
2023/08/12 19:41:48 [notice] 35#35: exit
2023/08/12 19:41:48 [notice] 31#31: exit
2023/08/12 19:41:48 [notice] 34#34: exit
2023/08/12 19:41:49 [notice] 1#1: signal 17 (SIGCHLD) received from 29
2023/08/12 19:41:49 [notice] 1#1: worker process 20 exited with code 0
2023/08/12 19:41:49 [notice] 1#1: worker process 21 exited with code 0
2023/08/12 19:41:49 [notice] 1#1: worker process 23 exited with code 0
2023/08/12 19:41:49 [notice] 1#1: worker process 24 exited with code 0
2023/08/12 19:41:49 [notice] 1#1: worker process 25 exited with code 0
2023/08/12 19:41:49 [notice] 1#1: worker process 26 exited with code 0
2023/08/12 19:41:49 [notice] 1#1: worker process 29 exited with code 0
2023/08/12 19:41:49 [notice] 1#1: worker process 31 exited with code 0
2023/08/12 19:41:49 [notice] 1#1: worker process 33 exited with code 0
2023/08/12 19:41:49 [notice] 1#1: worker process 34 exited with code 0
2023/08/12 19:41:49 [notice] 1#1: worker process 35 exited with code 0
2023/08/12 19:41:49 [notice] 1#1: signal 29 (SIGIO) received
2023/08/12 19:41:49 [notice] 1#1: signal 17 (SIGCHLD) received from 33
2023/08/12 19:41:49 [notice] 1#1: signal 17 (SIGCHLD) received from 28
2023/08/12 19:41:49 [notice] 1#1: worker process 28 exited with code 0
2023/08/12 19:41:49 [notice] 1#1: signal 29 (SIGIO) received
2023/08/12 19:41:49 [notice] 1#1: signal 17 (SIGCHLD) received from 32
2023/08/12 19:41:49 [notice] 1#1: worker process 30 exited with code 0
2023/08/12 19:41:49 [notice] 1#1: worker process 32 exited with code 0
2023/08/12 19:41:49 [notice] 1#1: signal 29 (SIGIO) received
2023/08/12 19:41:49 [notice] 1#1: signal 17 (SIGCHLD) received from 22
2023/08/12 19:41:49 [notice] 1#1: worker process 22 exited with code 0
2023/08/12 19:41:49 [notice] 1#1: worker process 27 exited with code 0
2023/08/12 19:41:49 [notice] 1#1: exit
2023/08/12 19:41:51 [notice] 1#1: using the "epoll" event method
2023/08/12 19:41:51 [notice] 1#1: nginx/1.25.1
2023/08/12 19:41:51 [notice] 1#1: built by gcc 12.2.0 (Debian 12.2.0-14) 
2023/08/12 19:41:51 [notice] 1#1: OS: Linux 5.10.16.3-microsoft-standard-WSL2
2023/08/12 19:41:51 [notice] 1#1: getrlimit(RLIMIT_NOFILE): 1048576:1048576
2023/08/12 19:41:51 [notice] 1#1: start worker processes
2023/08/12 19:41:51 [notice] 1#1: start worker process 20
2023/08/12 19:41:51 [notice] 1#1: start worker process 21
2023/08/12 19:41:51 [notice] 1#1: start worker process 22
2023/08/12 19:41:51 [notice] 1#1: start worker process 23
2023/08/12 19:41:51 [notice] 1#1: start worker process 24
2023/08/12 19:41:51 [notice] 1#1: start worker process 25
2023/08/12 19:41:51 [notice] 1#1: start worker process 26
2023/08/12 19:41:51 [notice] 1#1: start worker process 27
2023/08/12 19:41:51 [notice] 1#1: start worker process 28
2023/08/12 19:41:51 [notice] 1#1: start worker process 29
2023/08/12 19:41:51 [notice] 1#1: start worker process 30
2023/08/12 19:41:51 [notice] 1#1: start worker process 31
2023/08/12 19:41:51 [notice] 1#1: start worker process 32
2023/08/12 19:41:51 [notice] 1#1: start worker process 33
2023/08/12 19:41:51 [notice] 1#1: start worker process 34
2023/08/12 19:41:51 [notice] 1#1: start worker process 35
2023/08/12 19:51:43 [notice] 1#1: signal 3 (SIGQUIT) received, shutting down
2023/08/12 19:51:43 [notice] 20#20: gracefully shutting down
2023/08/12 19:51:43 [notice] 33#33: gracefully shutting down
2023/08/12 19:51:43 [notice] 21#21: gracefully shutting down
2023/08/12 19:51:43 [notice] 22#22: gracefully shutting down
2023/08/12 19:51:43 [notice] 23#23: gracefully shutting down
2023/08/12 19:51:43 [notice] 24#24: gracefully shutting down
2023/08/12 19:51:43 [notice] 25#25: gracefully shutting down
2023/08/12 19:51:43 [notice] 26#26: gracefully shutting down
2023/08/12 19:51:43 [notice] 28#28: gracefully shutting down
2023/08/12 19:51:43 [notice] 29#29: gracefully shutting down
2023/08/12 19:51:43 [notice] 27#27: gracefully shutting down
2023/08/12 19:51:43 [notice] 30#30: gracefully shutting down
2023/08/12 19:51:43 [notice] 31#31: gracefully shutting down
2023/08/12 19:51:43 [notice] 32#32: gracefully shutting down
2023/08/12 19:51:43 [notice] 35#35: gracefully shutting down
2023/08/12 19:51:43 [notice] 34#34: gracefully shutting down
2023/08/12 19:51:43 [notice] 20#20: exiting
2023/08/12 19:51:43 [notice] 33#33: exiting
2023/08/12 19:51:43 [notice] 21#21: exiting
2023/08/12 19:51:43 [notice] 22#22: exiting
2023/08/12 19:51:43 [notice] 23#23: exiting
2023/08/12 19:51:43 [notice] 24#24: exiting
2023/08/12 19:51:43 [notice] 25#25: exiting
2023/08/12 19:51:43 [notice] 26#26: exiting
2023/08/12 19:51:43 [notice] 28#28: exiting
2023/08/12 19:51:43 [notice] 29#29: exiting
2023/08/12 19:51:43 [notice] 27#27: exiting
2023/08/12 19:51:43 [notice] 30#30: exiting
2023/08/12 19:51:43 [notice] 31#31: exiting
2023/08/12 19:51:43 [notice] 32#32: exiting
2023/08/12 19:51:43 [notice] 35#35: exiting
2023/08/12 19:51:43 [notice] 34#34: exiting
2023/08/12 19:51:43 [notice] 20#20: exit
2023/08/12 19:51:43 [notice] 33#33: exit
2023/08/12 19:51:43 [notice] 21#21: exit
2023/08/12 19:51:43 [notice] 22#22: exit
2023/08/12 19:51:43 [notice] 23#23: exit
2023/08/12 19:51:43 [notice] 24#24: exit
2023/08/12 19:51:43 [notice] 25#25: exit
2023/08/12 19:51:43 [notice] 26#26: exit
2023/08/12 19:51:43 [notice] 28#28: exit
2023/08/12 19:51:43 [notice] 29#29: exit
2023/08/12 19:51:43 [notice] 30#30: exit
2023/08/12 19:51:43 [notice] 27#27: exit
2023/08/12 19:51:43 [notice] 31#31: exit
2023/08/12 19:51:43 [notice] 32#32: exit
2023/08/12 19:51:43 [notice] 35#35: exit
2023/08/12 19:51:43 [notice] 34#34: exit
2023/08/12 19:51:43 [notice] 1#1: signal 17 (SIGCHLD) received from 21
2023/08/12 19:51:43 [notice] 1#1: worker process 21 exited with code 0
2023/08/12 19:51:43 [notice] 1#1: signal 29 (SIGIO) received
2023/08/12 19:51:43 [notice] 1#1: signal 17 (SIGCHLD) received from 27
2023/08/12 19:51:43 [notice] 1#1: worker process 27 exited with code 0
2023/08/12 19:51:43 [notice] 1#1: signal 29 (SIGIO) received
2023/08/12 19:51:43 [notice] 1#1: signal 17 (SIGCHLD) received from 20
2023/08/12 19:51:43 [notice] 1#1: worker process 20 exited with code 0
2023/08/12 19:51:43 [notice] 1#1: worker process 22 exited with code 0
2023/08/12 19:51:43 [notice] 1#1: worker process 25 exited with code 0
2023/08/12 19:51:43 [notice] 1#1: worker process 28 exited with code 0
2023/08/12 19:51:43 [notice] 1#1: worker process 29 exited with code 0
2023/08/12 19:51:43 [notice] 1#1: worker process 32 exited with code 0
2023/08/12 19:51:43 [notice] 1#1: worker process 34 exited with code 0
2023/08/12 19:51:43 [notice] 1#1: worker process 35 exited with code 0
2023/08/12 19:51:43 [notice] 1#1: signal 29 (SIGIO) received
2023/08/12 19:51:43 [notice] 1#1: signal 17 (SIGCHLD) received from 22
2023/08/12 19:51:43 [notice] 1#1: signal 17 (SIGCHLD) received from 23
2023/08/12 19:51:43 [notice] 1#1: worker process 23 exited with code 0
2023/08/12 19:51:43 [notice] 1#1: signal 29 (SIGIO) received
2023/08/12 19:51:43 [notice] 1#1: signal 17 (SIGCHLD) received from 30
2023/08/12 19:51:43 [notice] 1#1: worker process 26 exited with code 0
2023/08/12 19:51:43 [notice] 1#1: worker process 24 exited with code 0
2023/08/12 19:51:43 [notice] 1#1: worker process 30 exited with code 0
2023/08/12 19:51:43 [notice] 1#1: worker process 31 exited with code 0
2023/08/12 19:51:43 [notice] 1#1: worker process 33 exited with code 0
2023/08/12 19:51:43 [notice] 1#1: exit
2023/08/12 19:51:47 [notice] 1#1: using the "epoll" event method
2023/08/12 19:51:47 [notice] 1#1: nginx/1.25.1
2023/08/12 19:51:47 [notice] 1#1: built by gcc 12.2.0 (Debian 12.2.0-14) 
2023/08/12 19:51:47 [notice] 1#1: OS: Linux 5.10.16.3-microsoft-standard-WSL2
2023/08/12 19:51:47 [notice] 1#1: getrlimit(RLIMIT_NOFILE): 1048576:1048576
2023/08/12 19:51:47 [notice] 1#1: start worker processes
2023/08/12 19:51:47 [notice] 1#1: start worker process 20
2023/08/12 19:51:47 [notice] 1#1: start worker process 21
2023/08/12 19:51:47 [notice] 1#1: start worker process 22
2023/08/12 19:51:47 [notice] 1#1: start worker process 23
2023/08/12 19:51:47 [notice] 1#1: start worker process 24
2023/08/12 19:51:47 [notice] 1#1: start worker process 25
2023/08/12 19:51:47 [notice] 1#1: start worker process 26
2023/08/12 19:51:47 [notice] 1#1: start worker process 27
2023/08/12 19:51:47 [notice] 1#1: start worker process 28
2023/08/12 19:51:47 [notice] 1#1: start worker process 29
2023/08/12 19:51:47 [notice] 1#1: start worker process 30
2023/08/12 19:51:47 [notice] 1#1: start worker process 31
2023/08/12 19:51:47 [notice] 1#1: start worker process 32
2023/08/12 19:51:47 [notice] 1#1: start worker process 33
2023/08/12 19:51:47 [notice] 1#1: start worker process 34
2023/08/12 19:51:47 [notice] 1#1: start worker process 35
2023/08/12 20:32:08 [notice] 1#1: signal 3 (SIGQUIT) received, shutting down
2023/08/12 20:32:08 [notice] 20#20: gracefully shutting down
2023/08/12 20:32:08 [notice] 26#26: gracefully shutting down
2023/08/12 20:32:08 [notice] 25#25: gracefully shutting down
2023/08/12 20:32:08 [notice] 22#22: gracefully shutting down
2023/08/12 20:32:08 [notice] 29#29: gracefully shutting down
2023/08/12 20:32:08 [notice] 21#21: gracefully shutting down
2023/08/12 20:32:08 [notice] 30#30: gracefully shutting down
2023/08/12 20:32:08 [notice] 27#27: gracefully shutting down
2023/08/12 20:32:08 [notice] 23#23: gracefully shutting down
2023/08/12 20:32:08 [notice] 32#32: gracefully shutting down
2023/08/12 20:32:08 [notice] 35#35: gracefully shutting down
2023/08/12 20:32:08 [notice] 33#33: gracefully shutting down
2023/08/12 20:32:08 [notice] 34#34: gracefully shutting down
2023/08/12 20:32:08 [notice] 31#31: gracefully shutting down
2023/08/12 20:32:08 [notice] 24#24: gracefully shutting down
2023/08/12 20:32:08 [notice] 31#31: exiting
2023/08/12 20:32:08 [notice] 28#28: gracefully shutting down
2023/08/12 20:32:08 [notice] 20#20: exiting
2023/08/12 20:32:08 [notice] 26#26: exiting
2023/08/12 20:32:08 [notice] 25#25: exiting
2023/08/12 20:32:08 [notice] 22#22: exiting
2023/08/12 20:32:08 [notice] 29#29: exiting
2023/08/12 20:32:08 [notice] 21#21: exiting
2023/08/12 20:32:08 [notice] 30#30: exiting
2023/08/12 20:32:08 [notice] 27#27: exiting
2023/08/12 20:32:08 [notice] 30#30: exit
2023/08/12 20:32:08 [notice] 23#23: exiting
2023/08/12 20:32:08 [notice] 32#32: exiting
2023/08/12 20:32:08 [notice] 33#33: exiting
2023/08/12 20:32:08 [notice] 34#34: exiting
2023/08/12 20:32:08 [notice] 33#33: exit
2023/08/12 20:32:08 [notice] 35#35: exiting
2023/08/12 20:32:08 [notice] 24#24: exiting
2023/08/12 20:32:08 [notice] 31#31: exit
2023/08/12 20:32:08 [notice] 20#20: exit
2023/08/12 20:32:08 [notice] 28#28: exiting
2023/08/12 20:32:08 [notice] 26#26: exit
2023/08/12 20:32:08 [notice] 25#25: exit
2023/08/12 20:32:08 [notice] 22#22: exit
2023/08/12 20:32:08 [notice] 29#29: exit
2023/08/12 20:32:08 [notice] 21#21: exit
2023/08/12 20:32:08 [notice] 27#27: exit
2023/08/12 20:32:08 [notice] 23#23: exit
2023/08/12 20:32:08 [notice] 32#32: exit
2023/08/12 20:32:08 [notice] 34#34: exit
2023/08/12 20:32:08 [notice] 35#35: exit
2023/08/12 20:32:08 [notice] 24#24: exit
2023/08/12 20:32:08 [notice] 28#28: exit
2023/08/12 20:32:08 [notice] 1#1: signal 17 (SIGCHLD) received from 27
2023/08/12 20:32:08 [notice] 1#1: worker process 27 exited with code 0
2023/08/12 20:32:08 [notice] 1#1: worker process 31 exited with code 0
2023/08/12 20:32:08 [notice] 1#1: worker process 33 exited with code 0
2023/08/12 20:32:08 [notice] 1#1: signal 29 (SIGIO) received
2023/08/12 20:32:08 [notice] 1#1: signal 17 (SIGCHLD) received from 33
2023/08/12 20:32:08 [notice] 1#1: signal 17 (SIGCHLD) received from 32
2023/08/12 20:32:08 [notice] 1#1: worker process 32 exited with code 0
2023/08/12 20:32:08 [notice] 1#1: signal 29 (SIGIO) received
2023/08/12 20:32:08 [notice] 1#1: signal 17 (SIGCHLD) received from 35
2023/08/12 20:32:08 [notice] 1#1: worker process 20 exited with code 0
2023/08/12 20:32:08 [notice] 1#1: worker process 23 exited with code 0
2023/08/12 20:32:08 [notice] 1#1: worker process 24 exited with code 0
2023/08/12 20:32:08 [notice] 1#1: worker process 29 exited with code 0
2023/08/12 20:32:08 [notice] 1#1: worker process 35 exited with code 0
2023/08/12 20:32:08 [notice] 1#1: signal 29 (SIGIO) received
2023/08/12 20:32:08 [notice] 1#1: signal 17 (SIGCHLD) received from 24
2023/08/12 20:32:08 [notice] 1#1: signal 17 (SIGCHLD) received from 25
2023/08/12 20:32:08 [notice] 1#1: worker process 22 exited with code 0
2023/08/12 20:32:08 [notice] 1#1: worker process 25 exited with code 0
2023/08/12 20:32:08 [notice] 1#1: worker process 28 exited with code 0
2023/08/12 20:32:08 [notice] 1#1: worker process 30 exited with code 0
2023/08/12 20:32:08 [notice] 1#1: signal 29 (SIGIO) received
2023/08/12 20:32:08 [notice] 1#1: signal 17 (SIGCHLD) received from 22
2023/08/12 20:32:08 [notice] 1#1: signal 17 (SIGCHLD) received from 34
2023/08/12 20:32:08 [notice] 1#1: worker process 34 exited with code 0
2023/08/12 20:32:08 [notice] 1#1: signal 29 (SIGIO) received
2023/08/12 20:32:08 [notice] 1#1: signal 17 (SIGCHLD) received from 21
2023/08/12 20:32:08 [notice] 1#1: worker process 21 exited with code 0
2023/08/12 20:32:08 [notice] 1#1: signal 29 (SIGIO) received
2023/08/12 20:32:08 [notice] 1#1: signal 17 (SIGCHLD) received from 26
2023/08/12 20:32:08 [notice] 1#1: worker process 26 exited with code 0
2023/08/12 20:32:08 [notice] 1#1: exit
